Using pre-set license
Built from '2020.3/staging' branch; Version is '2020.3.18f1 (a7d1c678663c) revision 10998214'; Using compiler version '192528614'; Build Type 'Release'
OS: 'Windows 10 Home; OS build 19043.1165; Version 2009; 64bit' Language: 'en' Physical Memory: 16314 MB
BatchMode: 1, IsHumanControllingUs: 0, StartBugReporterOnCrash: 0, Is64bit: 1, IsPro: 0

COMMAND LINE ARGUMENTS:
F:\ArtPrograms\Unity\2020.3.18f1\Editor\Unity.exe
-adb2
-batchMode
-noUpm
-name
AssetImportWorker0
-projectPath
D:/Projects/Gamejam/WomenInGames/WiG-GameJam
-logFile
Logs/AssetImportWorker0.log
-srvPort
58664
Successfully changed project path to: D:/Projects/Gamejam/WomenInGames/WiG-GameJam
D:/Projects/Gamejam/WomenInGames/WiG-GameJam
Using Asset Import Pipeline V2.
Refreshing native plugins compatible for Editor in 25.98 ms, found 2 plugins.
Preloading 0 native plugins for Editor in 0.00 ms.
Initialize engine version: 2020.3.18f1 (a7d1c678663c)
[Subsystems] Discovering subsystems at path F:/ArtPrograms/Unity/2020.3.18f1/Editor/Data/Resources/UnitySubsystems
[Subsystems] Discovering subsystems at path D:/Projects/Gamejam/WomenInGames/WiG-GameJam/Assets
GfxDevice: creating device client; threaded=0
Direct3D:
    Version:  Direct3D 11.0 [level 11.1]
    Renderer: NVIDIA GeForce GTX 1070 Ti (ID=0x1b82)
    Vendor:   
    VRAM:     8079 MB
    Driver:   27.21.14.6647
Initialize mono
Mono path[0] = 'F:/ArtPrograms/Unity/2020.3.18f1/Editor/Data/Managed'
Mono path[1] = 'F:/ArtPrograms/Unity/2020.3.18f1/Editor/Data/MonoBleedingEdge/lib/mono/unityjit'
Mono config path = 'F:/ArtPrograms/Unity/2020.3.18f1/Editor/Data/MonoBleedingEdge/etc'
Using monoOptions --debugger-agent=transport=dt_socket,embedding=1,server=y,suspend=n,address=127.0.0.1:56440
Begin MonoManager ReloadAssembly
Registering precompiled unity dll's ...
Register platform support module: F:/ArtPrograms/Unity/2020.3.18f1/Editor/Data/PlaybackEngines/WindowsStandaloneSupport/UnityEditor.WindowsStandalone.Extensions.dll
Registered in 0.001968 seconds.
Native extension for WindowsStandalone target not found
Refreshing native plugins compatible for Editor in 23.95 ms, found 2 plugins.
Preloading 0 native plugins for Editor in 0.00 ms.
Mono: successfully reloaded assembly
- Completed reload, in  0.766 seconds
Domain Reload Profiling:
	ReloadAssembly (766ms)
		BeginReloadAssembly (47ms)
			ExecutionOrderSort (0ms)
			DisableScriptedObjects (0ms)
			BackupInstance (0ms)
			ReleaseScriptingObjects (0ms)
			CreateAndSetChildDomain (1ms)
		EndReloadAssembly (329ms)
			LoadAssemblies (45ms)
			RebuildTransferFunctionScriptingTraits (0ms)
			SetupTypeCache (128ms)
			ReleaseScriptCaches (0ms)
			RebuildScriptCaches (24ms)
			SetupLoadedEditorAssemblies (123ms)
				LogAssemblyErrors (0ms)
				InitializePlatformSupportModulesInManaged (3ms)
				SetLoadedEditorAssemblies (1ms)
				RefreshPlugins (24ms)
				BeforeProcessingInitializeOnLoad (6ms)
				ProcessInitializeOnLoadAttributes (65ms)
				ProcessInitializeOnLoadMethodAttributes (23ms)
				AfterProcessingInitializeOnLoad (0ms)
				EditorAssembliesLoaded (0ms)
			ExecutionOrderSort2 (0ms)
			AwakeInstancesAfterBackupRestoration (0ms)
Platform modules already initialized, skipping
Registering precompiled user dll's ...
Registered in 0.003010 seconds.
Begin MonoManager ReloadAssembly
Native extension for WindowsStandalone target not found
Refreshing native plugins compatible for Editor in 0.27 ms, found 2 plugins.
Preloading 0 native plugins for Editor in 0.00 ms.
Mono: successfully reloaded assembly
- Completed reload, in  0.820 seconds
Domain Reload Profiling:
	ReloadAssembly (821ms)
		BeginReloadAssembly (126ms)
			ExecutionOrderSort (0ms)
			DisableScriptedObjects (4ms)
			BackupInstance (0ms)
			ReleaseScriptingObjects (0ms)
			CreateAndSetChildDomain (17ms)
		EndReloadAssembly (641ms)
			LoadAssemblies (77ms)
			RebuildTransferFunctionScriptingTraits (0ms)
			SetupTypeCache (224ms)
			ReleaseScriptCaches (0ms)
			RebuildScriptCaches (33ms)
			SetupLoadedEditorAssemblies (231ms)
				LogAssemblyErrors (0ms)
				InitializePlatformSupportModulesInManaged (4ms)
				SetLoadedEditorAssemblies (0ms)
				RefreshPlugins (0ms)
				BeforeProcessingInitializeOnLoad (43ms)
				ProcessInitializeOnLoadAttributes (174ms)
				ProcessInitializeOnLoadMethodAttributes (4ms)
				AfterProcessingInitializeOnLoad (6ms)
				EditorAssembliesLoaded (0ms)
			ExecutionOrderSort2 (0ms)
			AwakeInstancesAfterBackupRestoration (5ms)
Platform modules already initialized, skipping
========================================================================
Worker process is ready to serve import requests
Launched and connected shader compiler UnityShaderCompiler.exe after 0.05 seconds
Refreshing native plugins compatible for Editor in 0.27 ms, found 2 plugins.
Preloading 0 native plugins for Editor in 0.00 ms.
Unloading 1437 Unused Serialized files (Serialized files now loaded: 0)
System memory in use before: 66.4 MB.
System memory in use after: 66.4 MB.

Unloading 16 unused Assets to reduce memory usage. Loaded Objects now: 1874.
Total: 2.253300 ms (FindLiveObjects: 0.113900 ms CreateObjectMapping: 0.031500 ms MarkObjects: 2.053800 ms  DeleteObjects: 0.053200 ms)

AssetImportParameters requested are different than current active one (requested -> active):
  custom:framework-win-MediaFoundation: 216162199b28c13a410421893ffa2e32 -> 
  custom:video-decoder-ogg-theora: a1e56fd34408186e4bbccfd4996cb3dc -> 
  custom:container-muxer-webm: aa71ff27fc2769a1b78a27578f13a17b -> 
  custom:container-demuxer-webm: 4f35f7cbe854078d1ac9338744f61a02 -> 
  custom:container-demuxer-ogg: 62fdf1f143b41e24485cea50d1cbac27 -> 
  custom:video-encoder-webm-vp8: eb34c28f22e8b96e1ab97ce403110664 -> 
  custom:video-codec-MediaFoundation-h265: 746d11721c4dcdbdad8f713fa42b33f4 -> 
  custom:video-decoder-webm-vp8: 9c59270c3fd7afecdb556c50c9e8de78 -> 
  custom:audio-decoder-ogg-vorbis: bf7c407c2cedff20999df2af8eb42d56 -> 
  custom:audio-encoder-webm-vorbis: bf7c407c2cedff20999df2af8eb42d56 -> 
========================================================================
Received Import Request.
  path: Assets/Models/RelaxAndOther/DuckPile.fbx
  artifactKey: Guid(84447232b4e929444922e61a579d83a3) Importer(815301076,1909f56bfc062723c751e8b465ee728b)
Start importing Assets/Models/RelaxAndOther/DuckPile.fbx using Guid(84447232b4e929444922e61a579d83a3) Importer(815301076,1909f56bfc062723c751e8b465ee728b)  -> (artifact id: '5102f6c002c888c4abce79dfbca8f1ae') in 0.134858 seconds 
  Import took 0.153650 seconds .

========================================================================
Received Import Request.
  Time since last request: 7.959725 seconds.
  path: Assets/Models/RelaxAndOther/DuckPile.fbx
  artifactKey: Guid(84447232b4e929444922e61a579d83a3) Importer(815301076,1909f56bfc062723c751e8b465ee728b)
Start importing Assets/Models/RelaxAndOther/DuckPile.fbx using Guid(84447232b4e929444922e61a579d83a3) Importer(815301076,1909f56bfc062723c751e8b465ee728b)  -> (artifact id: '3e9df3123c04ae7a6c17547be9f031ba') in 0.051357 seconds 
  Import took 0.064252 seconds .

========================================================================
Received Import Request.
  Time since last request: 76.301570 seconds.
  path: Assets/Models/RelaxAndOther/T_RelaxationAndStuff_BC.png
  artifactKey: Guid(3f2027874bdb6e34480ea870e9d5452d) Importer(815301076,1909f56bfc062723c751e8b465ee728b)
Start importing Assets/Models/RelaxAndOther/T_RelaxationAndStuff_BC.png using Guid(3f2027874bdb6e34480ea870e9d5452d) Importer(815301076,1909f56bfc062723c751e8b465ee728b)  -> (artifact id: '0116f186d5249c4e77a27635cb4ec333') in 0.087719 seconds 
  Import took 0.093537 seconds .

========================================================================
Received Import Request.
  Time since last request: 0.000237 seconds.
  path: Assets/Models/RelaxAndOther/T_RelaxationAndStuff_N.png
  artifactKey: Guid(bf49c5114dc37884b8278284463a9961) Importer(815301076,1909f56bfc062723c751e8b465ee728b)
Start importing Assets/Models/RelaxAndOther/T_RelaxationAndStuff_N.png using Guid(bf49c5114dc37884b8278284463a9961) Importer(815301076,1909f56bfc062723c751e8b465ee728b)  -> (artifact id: '7f2ab5c07e77b25e8723faa7e828fabf') in 0.013604 seconds 
  Import took 0.029280 seconds .

========================================================================
Received Import Request.
  Time since last request: 0.000273 seconds.
  path: Assets/Models/RelaxAndOther/T_RelaxationAndStuff_MaskMap.png
  artifactKey: Guid(bbee378d172f60d4999f102e5d1d3755) Importer(815301076,1909f56bfc062723c751e8b465ee728b)
Start importing Assets/Models/RelaxAndOther/T_RelaxationAndStuff_MaskMap.png using Guid(bbee378d172f60d4999f102e5d1d3755) Importer(815301076,1909f56bfc062723c751e8b465ee728b)  -> (artifact id: '74e7bee61c6ec80fe329a56e95fa5c82') in 0.012762 seconds 
  Import took 0.015483 seconds .

AssetImportWorkerClient::OnTransportError - code=2 error=End of file
